<?xml version="1.0" encoding="UTF-8"?>
<testng-results ignored="0" total="14" passed="12" failed="2" skipped="0">
  <reporter-output>
  </reporter-output>
  <suite started-at="2023-08-29T09:39:26 IST" name="Suite" finished-at="2023-08-29T09:48:59 IST" duration-ms="572847">
    <groups>
      <group name="Foundry_Main">
        <method signature="TC_001_getfreedemo_page.getfreedemo_user_page()[pri:1, instance:testCases.TC_001_getfreedemo_page@1a245833]" name="getfreedemo_user_page" class="testCases.TC_001_getfreedemo_page"/>
        <method signature="TC_002_SignIn_page.page_SignIn()[pri:2, instance:testCases.TC_002_SignIn_page@2ab4bc72]" name="page_SignIn" class="testCases.TC_002_SignIn_page"/>
        <method signature="TC_004_AddNewUser.addNewUser_Infoundry()[pri:4, instance:testCases.TC_004_AddNewUser@4e5ed836]" name="addNewUser_Infoundry" class="testCases.TC_004_AddNewUser"/>
        <method signature="TC_005_AddNewOrder.addNewOrder_InFoundry()[pri:5, instance:testCases.TC_005_AddNewOrder@eadd4fb]" name="addNewOrder_InFoundry" class="testCases.TC_005_AddNewOrder"/>
        <method signature="TC_006_AddNewProduct.addNewProduct_InFoundry()[pri:6, instance:testCases.TC_006_AddNewProduct@740fb309]" name="addNewProduct_InFoundry" class="testCases.TC_006_AddNewProduct"/>
        <method signature="TC_007_CreateNewCustomer.createCustomerIn_foundry()[pri:7, instance:testCases.TC_007_CreateNewCustomer@7bd7d6d6]" name="createCustomerIn_foundry" class="testCases.TC_007_CreateNewCustomer"/>
        <method signature="TC_008_Customer_SlidePagination.slidePagination()[pri:8, instance:testCases.TC_008_Customer_SlidePagination@43f02ef2]" name="slidePagination" class="testCases.TC_008_Customer_SlidePagination"/>
        <method signature="TC_001_getfreedemo_page.getfreedemo_user_page()[pri:1, instance:testCases.TC_001_getfreedemo_page@6f15d60e]" name="getfreedemo_user_page" class="testCases.TC_001_getfreedemo_page"/>
        <method signature="TC_002_SignIn_page.page_SignIn()[pri:2, instance:testCases.TC_002_SignIn_page@1be2019a]" name="page_SignIn" class="testCases.TC_002_SignIn_page"/>
        <method signature="TC_004_AddNewUser.addNewUser_Infoundry()[pri:4, instance:testCases.TC_004_AddNewUser@29d80d2b]" name="addNewUser_Infoundry" class="testCases.TC_004_AddNewUser"/>
        <method signature="TC_005_AddNewOrder.addNewOrder_InFoundry()[pri:5, instance:testCases.TC_005_AddNewOrder@58e1d9d]" name="addNewOrder_InFoundry" class="testCases.TC_005_AddNewOrder"/>
        <method signature="TC_006_AddNewProduct.addNewProduct_InFoundry()[pri:6, instance:testCases.TC_006_AddNewProduct@446a1e84]" name="addNewProduct_InFoundry" class="testCases.TC_006_AddNewProduct"/>
        <method signature="TC_007_CreateNewCustomer.createCustomerIn_foundry()[pri:7, instance:testCases.TC_007_CreateNewCustomer@4f0f2942]" name="createCustomerIn_foundry" class="testCases.TC_007_CreateNewCustomer"/>
        <method signature="TC_008_Customer_SlidePagination.slidePagination()[pri:8, instance:testCases.TC_008_Customer_SlidePagination@2657d4dd]" name="slidePagination" class="testCases.TC_008_Customer_SlidePagination"/>
      </group> <!-- Foundry_Main -->
      <group name="Regression">
        <method signature="TC_001_getfreedemo_page.getfreedemo_user_page()[pri:1, instance:testCases.TC_001_getfreedemo_page@1a245833]" name="getfreedemo_user_page" class="testCases.TC_001_getfreedemo_page"/>
        <method signature="TC_002_SignIn_page.page_SignIn()[pri:2, instance:testCases.TC_002_SignIn_page@2ab4bc72]" name="page_SignIn" class="testCases.TC_002_SignIn_page"/>
        <method signature="TC_004_AddNewUser.addNewUser_Infoundry()[pri:4, instance:testCases.TC_004_AddNewUser@4e5ed836]" name="addNewUser_Infoundry" class="testCases.TC_004_AddNewUser"/>
        <method signature="TC_005_AddNewOrder.addNewOrder_InFoundry()[pri:5, instance:testCases.TC_005_AddNewOrder@eadd4fb]" name="addNewOrder_InFoundry" class="testCases.TC_005_AddNewOrder"/>
        <method signature="TC_006_AddNewProduct.addNewProduct_InFoundry()[pri:6, instance:testCases.TC_006_AddNewProduct@740fb309]" name="addNewProduct_InFoundry" class="testCases.TC_006_AddNewProduct"/>
        <method signature="TC_007_CreateNewCustomer.createCustomerIn_foundry()[pri:7, instance:testCases.TC_007_CreateNewCustomer@7bd7d6d6]" name="createCustomerIn_foundry" class="testCases.TC_007_CreateNewCustomer"/>
        <method signature="TC_008_Customer_SlidePagination.slidePagination()[pri:8, instance:testCases.TC_008_Customer_SlidePagination@43f02ef2]" name="slidePagination" class="testCases.TC_008_Customer_SlidePagination"/>
        <method signature="TC_001_getfreedemo_page.getfreedemo_user_page()[pri:1, instance:testCases.TC_001_getfreedemo_page@6f15d60e]" name="getfreedemo_user_page" class="testCases.TC_001_getfreedemo_page"/>
        <method signature="TC_002_SignIn_page.page_SignIn()[pri:2, instance:testCases.TC_002_SignIn_page@1be2019a]" name="page_SignIn" class="testCases.TC_002_SignIn_page"/>
        <method signature="TC_004_AddNewUser.addNewUser_Infoundry()[pri:4, instance:testCases.TC_004_AddNewUser@29d80d2b]" name="addNewUser_Infoundry" class="testCases.TC_004_AddNewUser"/>
        <method signature="TC_005_AddNewOrder.addNewOrder_InFoundry()[pri:5, instance:testCases.TC_005_AddNewOrder@58e1d9d]" name="addNewOrder_InFoundry" class="testCases.TC_005_AddNewOrder"/>
        <method signature="TC_006_AddNewProduct.addNewProduct_InFoundry()[pri:6, instance:testCases.TC_006_AddNewProduct@446a1e84]" name="addNewProduct_InFoundry" class="testCases.TC_006_AddNewProduct"/>
        <method signature="TC_007_CreateNewCustomer.createCustomerIn_foundry()[pri:7, instance:testCases.TC_007_CreateNewCustomer@4f0f2942]" name="createCustomerIn_foundry" class="testCases.TC_007_CreateNewCustomer"/>
        <method signature="TC_008_Customer_SlidePagination.slidePagination()[pri:8, instance:testCases.TC_008_Customer_SlidePagination@2657d4dd]" name="slidePagination" class="testCases.TC_008_Customer_SlidePagination"/>
      </group> <!-- Regression -->
    </groups>
    <test started-at="2023-08-29T09:39:26 IST" name="ChromeTest" finished-at="2023-08-29T09:48:59 IST" duration-ms="572847">
      <class name="testCases.TC_006_AddNewProduct">
        <test-method is-config="true" signature="setup(java.lang.String)[pri:0, instance:testCases.TC_006_AddNewProduct@740fb309]" started-at="2023-08-29T09:42:08 IST" name="setup" finished-at="2023-08-29T09:42:11 IST" duration-ms="3367" status="PASS">
          <params>
            <param index="0">
              <value>
                <![CDATA[chrome]]>
              </value>
            </param>
          </params>
          <reporter-output>
          </reporter-output>
        </test-method> <!-- setup -->
        <test-method signature="addNewProduct_InFoundry()[pri:6, instance:testCases.TC_006_AddNewProduct@740fb309]" started-at="2023-08-29T09:42:11 IST" name="addNewProduct_InFoundry" finished-at="2023-08-29T09:42:40 IST" duration-ms="28952" status="PASS">
          <reporter-output>
          </reporter-output>
        </test-method> <!-- addNewProduct_InFoundry -->
        <test-method is-config="true" signature="tearDown()[pri:0, instance:testCases.TC_006_AddNewProduct@740fb309]" started-at="2023-08-29T09:42:40 IST" name="tearDown" finished-at="2023-08-29T09:42:40 IST" duration-ms="183" status="PASS">
          <reporter-output>
          </reporter-output>
        </test-method> <!-- tearDown -->
      </class> <!-- testCases.TC_006_AddNewProduct -->
      <class name="testCases.TC_009_AddNewCoupon">
        <test-method is-config="true" signature="setup(java.lang.String)[pri:0, instance:testCases.TC_009_AddNewCoupon@239a307b]" started-at="2023-08-29T09:43:16 IST" name="setup" finished-at="2023-08-29T09:43:19 IST" duration-ms="3005" status="PASS">
          <params>
            <param index="0">
              <value>
                <![CDATA[chrome]]>
              </value>
            </param>
          </params>
          <reporter-output>
          </reporter-output>
        </test-method> <!-- setup -->
        <test-method signature="addCoupon_Foundry()[pri:9, instance:testCases.TC_009_AddNewCoupon@239a307b]" started-at="2023-08-29T09:43:19 IST" name="addCoupon_Foundry" finished-at="2023-08-29T09:43:48 IST" duration-ms="28705" status="PASS">
          <reporter-output>
          </reporter-output>
        </test-method> <!-- addCoupon_Foundry -->
        <test-method is-config="true" signature="tearDown()[pri:0, instance:testCases.TC_009_AddNewCoupon@239a307b]" started-at="2023-08-29T09:43:48 IST" name="tearDown" finished-at="2023-08-29T09:43:48 IST" duration-ms="169" status="PASS">
          <reporter-output>
          </reporter-output>
        </test-method> <!-- tearDown -->
      </class> <!-- testCases.TC_009_AddNewCoupon -->
      <class name="testCases.TC_011_AddCouponFreeShipping">
        <test-method is-config="true" signature="setup(java.lang.String)[pri:0, instance:testCases.TC_011_AddCouponFreeShipping@6f204a1a]" started-at="2023-08-29T09:44:39 IST" name="setup" finished-at="2023-08-29T09:44:42 IST" duration-ms="3258" status="PASS">
          <params>
            <param index="0">
              <value>
                <![CDATA[chrome]]>
              </value>
            </param>
          </params>
          <reporter-output>
          </reporter-output>
        </test-method> <!-- setup -->
        <test-method signature="addCouponWithFreeShipping()[pri:11, instance:testCases.TC_011_AddCouponFreeShipping@6f204a1a]" started-at="2023-08-29T09:44:42 IST" name="addCouponWithFreeShipping" finished-at="2023-08-29T09:45:06 IST" duration-ms="24461" status="PASS">
          <reporter-output>
          </reporter-output>
        </test-method> <!-- addCouponWithFreeShipping -->
        <test-method is-config="true" signature="tearDown()[pri:0, instance:testCases.TC_011_AddCouponFreeShipping@6f204a1a]" started-at="2023-08-29T09:45:06 IST" name="tearDown" finished-at="2023-08-29T09:45:07 IST" duration-ms="308" status="PASS">
          <reporter-output>
          </reporter-output>
        </test-method> <!-- tearDown -->
      </class> <!-- testCases.TC_011_AddCouponFreeShipping -->
      <class name="testCases.TC_010_AddcouponWithDiscountPer">
        <test-method is-config="true" signature="setup(java.lang.String)[pri:0, instance:testCases.TC_010_AddcouponWithDiscountPer@2a8448fa]" started-at="2023-08-29T09:43:48 IST" name="setup" finished-at="2023-08-29T09:43:51 IST" duration-ms="3257" status="PASS">
          <params>
            <param index="0">
              <value>
                <![CDATA[chrome]]>
              </value>
            </param>
          </params>
          <reporter-output>
          </reporter-output>
        </test-method> <!-- setup -->
        <test-method signature="addCouponWithDiscountPercent()[pri:10, instance:testCases.TC_010_AddcouponWithDiscountPer@2a8448fa]" started-at="2023-08-29T09:43:51 IST" name="addCouponWithDiscountPercent" finished-at="2023-08-29T09:44:39 IST" duration-ms="47626" status="PASS">
          <reporter-output>
          </reporter-output>
        </test-method> <!-- addCouponWithDiscountPercent -->
        <test-method is-config="true" signature="tearDown()[pri:0, instance:testCases.TC_010_AddcouponWithDiscountPer@2a8448fa]" started-at="2023-08-29T09:44:39 IST" name="tearDown" finished-at="2023-08-29T09:44:39 IST" duration-ms="187" status="PASS">
          <reporter-output>
          </reporter-output>
        </test-method> <!-- tearDown -->
      </class> <!-- testCases.TC_010_AddcouponWithDiscountPer -->
      <class name="testCases.TC_008_Customer_SlidePagination">
        <test-method is-config="true" signature="setup(java.lang.String)[pri:0, instance:testCases.TC_008_Customer_SlidePagination@43f02ef2]" started-at="2023-08-29T09:42:59 IST" name="setup" finished-at="2023-08-29T09:43:02 IST" duration-ms="3133" status="PASS">
          <params>
            <param index="0">
              <value>
                <![CDATA[chrome]]>
              </value>
            </param>
          </params>
          <reporter-output>
          </reporter-output>
        </test-method> <!-- setup -->
        <test-method signature="slidePagination()[pri:8, instance:testCases.TC_008_Customer_SlidePagination@43f02ef2]" started-at="2023-08-29T09:43:02 IST" name="slidePagination" finished-at="2023-08-29T09:43:16 IST" duration-ms="14021" status="PASS">
          <reporter-output>
          </reporter-output>
        </test-method> <!-- slidePagination -->
        <test-method is-config="true" signature="tearDown()[pri:0, instance:testCases.TC_008_Customer_SlidePagination@43f02ef2]" started-at="2023-08-29T09:43:16 IST" name="tearDown" finished-at="2023-08-29T09:43:16 IST" duration-ms="124" status="PASS">
          <reporter-output>
          </reporter-output>
        </test-method> <!-- tearDown -->
      </class> <!-- testCases.TC_008_Customer_SlidePagination -->
      <class name="testCases.TC_001_getfreedemo_page">
        <test-method is-config="true" signature="setup(java.lang.String)[pri:0, instance:testCases.TC_001_getfreedemo_page@1a245833]" started-at="2023-08-29T09:40:38 IST" name="setup" finished-at="2023-08-29T09:40:41 IST" duration-ms="3023" status="PASS">
          <params>
            <param index="0">
              <value>
                <![CDATA[chrome]]>
              </value>
            </param>
          </params>
          <reporter-output>
          </reporter-output>
        </test-method> <!-- setup -->
        <test-method signature="getfreedemo_user_page()[pri:1, instance:testCases.TC_001_getfreedemo_page@1a245833]" started-at="2023-08-29T09:40:41 IST" name="getfreedemo_user_page" finished-at="2023-08-29T09:40:44 IST" duration-ms="2678" status="PASS">
          <reporter-output>
          </reporter-output>
        </test-method> <!-- getfreedemo_user_page -->
        <test-method is-config="true" signature="tearDown()[pri:0, instance:testCases.TC_001_getfreedemo_page@1a245833]" started-at="2023-08-29T09:40:44 IST" name="tearDown" finished-at="2023-08-29T09:40:46 IST" duration-ms="1747" status="PASS">
          <reporter-output>
          </reporter-output>
        </test-method> <!-- tearDown -->
      </class> <!-- testCases.TC_001_getfreedemo_page -->
      <class name="testCases.TC_007_CreateNewCustomer">
        <test-method is-config="true" signature="setup(java.lang.String)[pri:0, instance:testCases.TC_007_CreateNewCustomer@7bd7d6d6]" started-at="2023-08-29T09:42:40 IST" name="setup" finished-at="2023-08-29T09:42:43 IST" duration-ms="2787" status="PASS">
          <params>
            <param index="0">
              <value>
                <![CDATA[chrome]]>
              </value>
            </param>
          </params>
          <reporter-output>
          </reporter-output>
        </test-method> <!-- setup -->
        <test-method signature="createCustomerIn_foundry()[pri:7, instance:testCases.TC_007_CreateNewCustomer@7bd7d6d6]" started-at="2023-08-29T09:42:43 IST" name="createCustomerIn_foundry" finished-at="2023-08-29T09:42:57 IST" duration-ms="14493" status="PASS">
          <reporter-output>
          </reporter-output>
        </test-method> <!-- createCustomerIn_foundry -->
        <test-method is-config="true" signature="tearDown()[pri:0, instance:testCases.TC_007_CreateNewCustomer@7bd7d6d6]" started-at="2023-08-29T09:42:57 IST" name="tearDown" finished-at="2023-08-29T09:42:59 IST" duration-ms="1172" status="PASS">
          <reporter-output>
          </reporter-output>
        </test-method> <!-- tearDown -->
      </class> <!-- testCases.TC_007_CreateNewCustomer -->
      <class name="testCases.TC_013_AddNewCustomCollection">
        <test-method is-config="true" signature="setup(java.lang.String)[pri:0, instance:testCases.TC_013_AddNewCustomCollection@5f8e8a9d]" started-at="2023-08-29T09:40:09 IST" name="setup" finished-at="2023-08-29T09:40:12 IST" duration-ms="3157" status="PASS">
          <params>
            <param index="0">
              <value>
                <![CDATA[chrome]]>
              </value>
            </param>
          </params>
          <reporter-output>
          </reporter-output>
        </test-method> <!-- setup -->
        <test-method signature="addNewCollection_InFoundry()[pri:0, instance:testCases.TC_013_AddNewCustomCollection@5f8e8a9d]" started-at="2023-08-29T09:40:12 IST" name="addNewCollection_InFoundry" finished-at="2023-08-29T09:40:36 IST" duration-ms="24244" status="PASS">
          <reporter-output>
          </reporter-output>
        </test-method> <!-- addNewCollection_InFoundry -->
        <test-method is-config="true" signature="tearDown()[pri:0, instance:testCases.TC_013_AddNewCustomCollection@5f8e8a9d]" started-at="2023-08-29T09:40:36 IST" name="tearDown" finished-at="2023-08-29T09:40:38 IST" duration-ms="2187" status="PASS">
          <reporter-output>
          </reporter-output>
        </test-method> <!-- tearDown -->
      </class> <!-- testCases.TC_013_AddNewCustomCollection -->
      <class name="testCases.TC_005_AddNewOrder">
        <test-method is-config="true" signature="setup(java.lang.String)[pri:0, instance:testCases.TC_005_AddNewOrder@eadd4fb]" started-at="2023-08-29T09:41:34 IST" name="setup" finished-at="2023-08-29T09:41:37 IST" duration-ms="3396" status="PASS">
          <params>
            <param index="0">
              <value>
                <![CDATA[chrome]]>
              </value>
            </param>
          </params>
          <reporter-output>
          </reporter-output>
        </test-method> <!-- setup -->
        <test-method signature="addNewOrder_InFoundry()[pri:5, instance:testCases.TC_005_AddNewOrder@eadd4fb]" started-at="2023-08-29T09:41:37 IST" name="addNewOrder_InFoundry" finished-at="2023-08-29T09:42:07 IST" duration-ms="29827" status="FAIL">
          <exception class="java.lang.AssertionError">
            <message>
              <![CDATA[null]]>
            </message>
            <full-stacktrace>
              <![CDATA[java.lang.AssertionError: null
at org.testng.Assert.fail(Assert.java:111)
at org.testng.Assert.fail(Assert.java:116)
at testCases.TC_005_AddNewOrder.addNewOrder_InFoundry(TC_005_AddNewOrder.java:53)
at java.base/jdk.internal.reflect.NativeMethodAccessorImpl.invoke0(Native Method)
at java.base/jdk.internal.reflect.NativeMethodAccessorImpl.invoke(NativeMethodAccessorImpl.java:77)
at java.base/jdk.internal.reflect.DelegatingMethodAccessorImpl.invoke(DelegatingMethodAccessorImpl.java:43)
at java.base/java.lang.reflect.Method.invoke(Method.java:568)
at org.testng.internal.invokers.MethodInvocationHelper.invokeMethod(MethodInvocationHelper.java:139)
at org.testng.internal.invokers.TestInvoker.invokeMethod(TestInvoker.java:664)
at org.testng.internal.invokers.TestInvoker.invokeTestMethod(TestInvoker.java:227)
at org.testng.internal.invokers.MethodRunner.runInSequence(MethodRunner.java:50)
at org.testng.internal.invokers.TestInvoker$MethodInvocationAgent.invoke(TestInvoker.java:957)
at org.testng.internal.invokers.TestInvoker.invokeTestMethods(TestInvoker.java:200)
at org.testng.internal.invokers.TestMethodWorker.invokeTestMethods(TestMethodWorker.java:148)
at org.testng.internal.invokers.TestMethodWorker.run(TestMethodWorker.java:128)
at java.base/java.util.ArrayList.forEach(ArrayList.java:1511)
at org.testng.TestRunner.privateRun(TestRunner.java:848)
at org.testng.TestRunner.run(TestRunner.java:621)
at org.testng.SuiteRunner.runTest(SuiteRunner.java:443)
at org.testng.SuiteRunner$SuiteWorker.run(SuiteRunner.java:481)
at org.testng.internal.thread.ThreadUtil.lambda$execute$0(ThreadUtil.java:58)
at java.base/java.util.concurrent.FutureTask.run(FutureTask.java:264)
at java.base/java.util.concurrent.ThreadPoolExecutor.runWorker(ThreadPoolExecutor.java:1136)
at java.base/java.util.concurrent.ThreadPoolExecutor$Worker.run(ThreadPoolExecutor.java:635)
at java.base/java.lang.Thread.run(Thread.java:833)
]]>
            </full-stacktrace>
          </exception> <!-- java.lang.AssertionError -->
          <reporter-output>
          </reporter-output>
        </test-method> <!-- addNewOrder_InFoundry -->
        <test-method is-config="true" signature="tearDown()[pri:0, instance:testCases.TC_005_AddNewOrder@eadd4fb]" started-at="2023-08-29T09:42:07 IST" name="tearDown" finished-at="2023-08-29T09:42:08 IST" duration-ms="190" status="PASS">
          <reporter-output>
          </reporter-output>
        </test-method> <!-- tearDown -->
      </class> <!-- testCases.TC_005_AddNewOrder -->
      <class name="testCases.TC_004_AddNewUser">
        <test-method is-config="true" signature="setup(java.lang.String)[pri:0, instance:testCases.TC_004_AddNewUser@4e5ed836]" started-at="2023-08-29T09:41:16 IST" name="setup" finished-at="2023-08-29T09:41:19 IST" duration-ms="3278" status="PASS">
          <params>
            <param index="0">
              <value>
                <![CDATA[chrome]]>
              </value>
            </param>
          </params>
          <reporter-output>
          </reporter-output>
        </test-method> <!-- setup -->
        <test-method signature="addNewUser_Infoundry()[pri:4, instance:testCases.TC_004_AddNewUser@4e5ed836]" started-at="2023-08-29T09:41:19 IST" name="addNewUser_Infoundry" finished-at="2023-08-29T09:41:34 IST" duration-ms="14182" status="PASS">
          <reporter-output>
          </reporter-output>
        </test-method> <!-- addNewUser_Infoundry -->
        <test-method is-config="true" signature="tearDown()[pri:0, instance:testCases.TC_004_AddNewUser@4e5ed836]" started-at="2023-08-29T09:41:34 IST" name="tearDown" finished-at="2023-08-29T09:41:34 IST" duration-ms="253" status="PASS">
          <reporter-output>
          </reporter-output>
        </test-method> <!-- tearDown -->
      </class> <!-- testCases.TC_004_AddNewUser -->
      <class name="testCases.TC_015_AddBrandCollection">
        <test-method is-config="true" signature="setup(java.lang.String)[pri:0, instance:testCases.TC_015_AddBrandCollection@3ad83a66]" started-at="2023-08-29T09:39:26 IST" name="setup" finished-at="2023-08-29T09:39:36 IST" duration-ms="9394" status="PASS">
          <params>
            <param index="0">
              <value>
                <![CDATA[chrome]]>
              </value>
            </param>
          </params>
          <reporter-output>
          </reporter-output>
        </test-method> <!-- setup -->
        <test-method signature="addNewBrandCollection()[pri:0, instance:testCases.TC_015_AddBrandCollection@3ad83a66]" started-at="2023-08-29T09:39:36 IST" name="addNewBrandCollection" finished-at="2023-08-29T09:39:40 IST" duration-ms="4054" status="PASS">
          <reporter-output>
          </reporter-output>
        </test-method> <!-- addNewBrandCollection -->
        <test-method is-config="true" signature="tearDown()[pri:0, instance:testCases.TC_015_AddBrandCollection@3ad83a66]" started-at="2023-08-29T09:39:40 IST" name="tearDown" finished-at="2023-08-29T09:39:40 IST" duration-ms="27" status="FAIL">
          <exception class="org.openqa.selenium.WebDriverException">
            <message>
              <![CDATA[Timed out waiting for driver server to stop.
Build info: version: '4.11.0', revision: '040bc5406b'
System info: os.name: 'Windows 10', os.arch: 'amd64', os.version: '10.0', java.version: '17.0.4.1'
Driver info: org.openqa.selenium.firefox.FirefoxDriver
Command: [299740ad-4f37-4b84-a9dc-cfabfdb4e04c, quit {}]
Capabilities {acceptInsecureCerts: true, browserName: firefox, browserVersion: 116.0.3, moz:accessibilityChecks: false, moz:buildID: 20230815173142, moz:debuggerAddress: 127.0.0.1:7243, moz:geckodriverVersion: 0.33.0, moz:headless: false, moz:platformVersion: 10.0, moz:processID: 7364, moz:profile: C:\Users\101REP~1\AppData\L..., moz:shutdownTimeout: 60000, moz:webdriverClick: true, moz:windowless: false, pageLoadStrategy: normal, platformName: windows, proxy: Proxy(), se:cdp: ws://127.0.0.1:7243/devtool..., se:cdpVersion: 85.0, setWindowRect: true, strictFileInteractability: false, timeouts: {implicit: 0, pageLoad: 300000, script: 30000}, unhandledPromptBehavior: dismiss and notify}
Session ID: 299740ad-4f37-4b84-a9dc-cfabfdb4e04c]]>
            </message>
            <full-stacktrace>
              <![CDATA[org.openqa.selenium.WebDriverException: Timed out waiting for driver server to stop.
Build info: version: '4.11.0', revision: '040bc5406b'
System info: os.name: 'Windows 10', os.arch: 'amd64', os.version: '10.0', java.version: '17.0.4.1'
Driver info: org.openqa.selenium.firefox.FirefoxDriver
Command: [299740ad-4f37-4b84-a9dc-cfabfdb4e04c, quit {}]
Capabilities {acceptInsecureCerts: true, browserName: firefox, browserVersion: 116.0.3, moz:accessibilityChecks: false, moz:buildID: 20230815173142, moz:debuggerAddress: 127.0.0.1:7243, moz:geckodriverVersion: 0.33.0, moz:headless: false, moz:platformVersion: 10.0, moz:processID: 7364, moz:profile: C:\Users\101REP~1\AppData\L..., moz:shutdownTimeout: 60000, moz:webdriverClick: true, moz:windowless: false, pageLoadStrategy: normal, platformName: windows, proxy: Proxy(), se:cdp: ws://127.0.0.1:7243/devtool..., se:cdpVersion: 85.0, setWindowRect: true, strictFileInteractability: false, timeouts: {implicit: 0, pageLoad: 300000, script: 30000}, unhandledPromptBehavior: dismiss and notify}
Session ID: 299740ad-4f37-4b84-a9dc-cfabfdb4e04c
at org.openqa.selenium.remote.service.DriverCommandExecutor.execute(DriverCommandExecutor.java:161)
at org.openqa.selenium.remote.RemoteWebDriver.execute(RemoteWebDriver.java:518)
at org.openqa.selenium.remote.RemoteWebDriver.execute(RemoteWebDriver.java:591)
at org.openqa.selenium.remote.RemoteWebDriver.execute(RemoteWebDriver.java:595)
at org.openqa.selenium.remote.RemoteWebDriver.quit(RemoteWebDriver.java:433)
at org.openqa.selenium.firefox.FirefoxDriver.quit(FirefoxDriver.java:392)
at testBase.BaseClass.tearDown(BaseClass.java:98)
at java.base/jdk.internal.reflect.NativeMethodAccessorImpl.invoke0(Native Method)
at java.base/jdk.internal.reflect.NativeMethodAccessorImpl.invoke(NativeMethodAccessorImpl.java:77)
at java.base/jdk.internal.reflect.DelegatingMethodAccessorImpl.invoke(DelegatingMethodAccessorImpl.java:43)
at java.base/java.lang.reflect.Method.invoke(Method.java:568)
at org.testng.internal.invokers.MethodInvocationHelper.invokeMethod(MethodInvocationHelper.java:139)
at org.testng.internal.invokers.MethodInvocationHelper.invokeMethodConsideringTimeout(MethodInvocationHelper.java:69)
at org.testng.internal.invokers.ConfigInvoker.invokeConfigurationMethod(ConfigInvoker.java:390)
at org.testng.internal.invokers.ConfigInvoker.invokeConfigurations(ConfigInvoker.java:325)
at org.testng.internal.invokers.TestMethodWorker.invokeAfterClassConfigurations(TestMethodWorker.java:229)
at org.testng.internal.invokers.TestMethodWorker.invokeAfterClassMethods(TestMethodWorker.java:215)
at org.testng.internal.invokers.TestMethodWorker.run(TestMethodWorker.java:131)
at java.base/java.util.ArrayList.forEach(ArrayList.java:1511)
at org.testng.TestRunner.privateRun(TestRunner.java:848)
at org.testng.TestRunner.run(TestRunner.java:621)
at org.testng.SuiteRunner.runTest(SuiteRunner.java:443)
at org.testng.SuiteRunner$SuiteWorker.run(SuiteRunner.java:481)
at org.testng.internal.thread.ThreadUtil.lambda$execute$0(ThreadUtil.java:58)
at java.base/java.util.concurrent.FutureTask.run(FutureTask.java:264)
at java.base/java.util.concurrent.ThreadPoolExecutor.runWorker(ThreadPoolExecutor.java:1136)
at java.base/java.util.concurrent.ThreadPoolExecutor$Worker.run(ThreadPoolExecutor.java:635)
at java.base/java.lang.Thread.run(Thread.java:833)
Caused by: java.util.concurrent.ExecutionException: java.io.UncheckedIOException: java.net.ConnectException: Connection refused: no further information: localhost/[0:0:0:0:0:0:0:1]:39951
at java.base/java.util.concurrent.CompletableFuture.reportGet(CompletableFuture.java:396)
at java.base/java.util.concurrent.CompletableFuture.get(CompletableFuture.java:2096)
at org.openqa.selenium.remote.service.DriverCommandExecutor.execute(DriverCommandExecutor.java:157)
... 27 more
Caused by: java.io.UncheckedIOException: java.net.ConnectException: Connection refused: no further information: localhost/[0:0:0:0:0:0:0:1]:39951
at org.openqa.selenium.remote.http.netty.NettyHttpHandler.makeCall(NettyHttpHandler.java:73)
at org.openqa.selenium.remote.http.AddSeleniumUserAgent.lambda$apply$0(AddSeleniumUserAgent.java:42)
at org.openqa.selenium.remote.http.Filter.lambda$andFinally$1(Filter.java:55)
at org.openqa.selenium.remote.http.netty.NettyHttpHandler.execute(NettyHttpHandler.java:48)
at org.openqa.selenium.remote.http.netty.NettyClient.execute(NettyClient.java:96)
at org.openqa.selenium.remote.HttpCommandExecutor.execute(HttpCommandExecutor.java:188)
at org.openqa.selenium.remote.service.DriverCommandExecutor.invokeExecute(DriverCommandExecutor.java:196)
at org.openqa.selenium.remote.service.DriverCommandExecutor.lambda$execute$1(DriverCommandExecutor.java:128)
at java.base/java.util.concurrent.CompletableFuture$AsyncSupply.run(CompletableFuture.java:1768)
... 3 more
Caused by: java.net.ConnectException: Connection refused: no further information: localhost/[0:0:0:0:0:0:0:1]:39951
at org.asynchttpclient.netty.channel.NettyConnectListener.onFailure(NettyConnectListener.java:179)
at org.asynchttpclient.netty.channel.NettyChannelConnector$1.onFailure(NettyChannelConnector.java:108)
at org.asynchttpclient.netty.SimpleChannelFutureListener.operationComplete(SimpleChannelFutureListener.java:28)
at org.asynchttpclient.netty.SimpleChannelFutureListener.operationComplete(SimpleChannelFutureListener.java:20)
at io.netty.util.concurrent.DefaultPromise.notifyListener0(DefaultPromise.java:590)
at io.netty.util.concurrent.DefaultPromise.notifyListeners0(DefaultPromise.java:583)
at io.netty.util.concurrent.DefaultPromise.notifyListenersNow(DefaultPromise.java:559)
at io.netty.util.concurrent.DefaultPromise.notifyListeners(DefaultPromise.java:492)
at io.netty.util.concurrent.DefaultPromise.setValue0(DefaultPromise.java:636)
at io.netty.util.concurrent.DefaultPromise.setFailure0(DefaultPromise.java:629)
at io.netty.util.concurrent.DefaultPromise.tryFailure(DefaultPromise.java:118)
at io.netty.channel.nio.AbstractNioChannel$AbstractNioUnsafe.fulfillConnectPromise(AbstractNioChannel.java:321)
at io.netty.channel.nio.AbstractNioChannel$AbstractNioUnsafe.finishConnect(AbstractNioChannel.java:337)
at io.netty.channel.nio.NioEventLoop.processSelectedKey(NioEventLoop.java:776)
at io.netty.channel.nio.NioEventLoop.processSelectedKeysOptimized(NioEventLoop.java:724)
at io.netty.channel.nio.NioEventLoop.processSelectedKeys(NioEventLoop.java:650)
at io.netty.channel.nio.NioEventLoop.run(NioEventLoop.java:562)
at io.netty.util.concurrent.SingleThreadEventExecutor$4.run(SingleThreadEventExecutor.java:997)
at io.netty.util.internal.ThreadExecutorMap$2.run(ThreadExecutorMap.java:74)
at io.netty.util.concurrent.FastThreadLocalRunnable.run(FastThreadLocalRunnable.java:30)
... 1 more
Caused by: io.netty.channel.AbstractChannel$AnnotatedConnectException: Connection refused: no further information: localhost/[0:0:0:0:0:0:0:1]:39951
Caused by: java.net.ConnectException: Connection refused: no further information
at java.base/sun.nio.ch.Net.pollConnect(Native Method)
at java.base/sun.nio.ch.Net.pollConnectNow(Net.java:672)
at java.base/sun.nio.ch.SocketChannelImpl.finishConnect(SocketChannelImpl.java:946)
at io.netty.channel.socket.nio.NioSocketChannel.doFinishConnect(NioSocketChannel.java:337)
at io.netty.channel.nio.AbstractNioChannel$AbstractNioUnsafe.finishConnect(AbstractNioChannel.java:334)
at io.netty.channel.nio.NioEventLoop.processSelectedKey(NioEventLoop.java:776)
at io.netty.channel.nio.NioEventLoop.processSelectedKeysOptimized(NioEventLoop.java:724)
at io.netty.channel.nio.NioEventLoop.processSelectedKeys(NioEventLoop.java:650)
at io.netty.channel.nio.NioEventLoop.run(NioEventLoop.java:562)
at io.netty.util.concurrent.SingleThreadEventExecutor$4.run(SingleThreadEventExecutor.java:997)
at io.netty.util.internal.ThreadExecutorMap$2.run(ThreadExecutorMap.java:74)
at io.netty.util.concurrent.FastThreadLocalRunnable.run(FastThreadLocalRunnable.java:30)
at java.base/java.lang.Thread.run(Thread.java:833)
]]>
            </full-stacktrace>
          </exception> <!-- org.openqa.selenium.WebDriverException -->
          <reporter-output>
          </reporter-output>
        </test-method> <!-- tearDown -->
      </class> <!-- testCases.TC_015_AddBrandCollection -->
      <class name="testCases.TC_012_AddCouponBuyXGetY">
        <test-method is-config="true" signature="setup(java.lang.String)[pri:0, instance:testCases.TC_012_AddCouponBuyXGetY@2de56eb2]" started-at="2023-08-29T09:45:07 IST" name="setup" finished-at="2023-08-29T09:45:10 IST" duration-ms="3278" status="PASS">
          <params>
            <param index="0">
              <value>
                <![CDATA[chrome]]>
              </value>
            </param>
          </params>
          <reporter-output>
          </reporter-output>
        </test-method> <!-- setup -->
        <test-method signature="addCouponWithBuyXGetY()[pri:12, instance:testCases.TC_012_AddCouponBuyXGetY@2de56eb2]" started-at="2023-08-29T09:45:10 IST" name="addCouponWithBuyXGetY" finished-at="2023-08-29T09:48:58 IST" duration-ms="228394" status="PASS">
          <reporter-output>
          </reporter-output>
        </test-method> <!-- addCouponWithBuyXGetY -->
        <test-method is-config="true" signature="tearDown()[pri:0, instance:testCases.TC_012_AddCouponBuyXGetY@2de56eb2]" started-at="2023-08-29T09:48:58 IST" name="tearDown" finished-at="2023-08-29T09:48:59 IST" duration-ms="189" status="PASS">
          <reporter-output>
          </reporter-output>
        </test-method> <!-- tearDown -->
      </class> <!-- testCases.TC_012_AddCouponBuyXGetY -->
      <class name="testCases.TC_014_AddCollectionWithSubCollection">
        <test-method is-config="true" signature="setup(java.lang.String)[pri:0, instance:testCases.TC_014_AddCollectionWithSubCollection@5745ca0e]" started-at="2023-08-29T09:39:40 IST" name="setup" finished-at="2023-08-29T09:39:44 IST" duration-ms="3969" status="PASS">
          <params>
            <param index="0">
              <value>
                <![CDATA[chrome]]>
              </value>
            </param>
          </params>
          <reporter-output>
          </reporter-output>
        </test-method> <!-- setup -->
        <test-method signature="addNewCollectionWith_SubCollection()[pri:0, instance:testCases.TC_014_AddCollectionWithSubCollection@5745ca0e]" started-at="2023-08-29T09:39:44 IST" name="addNewCollectionWith_SubCollection" finished-at="2023-08-29T09:40:08 IST" duration-ms="23941" status="PASS">
          <reporter-output>
          </reporter-output>
        </test-method> <!-- addNewCollectionWith_SubCollection -->
        <test-method is-config="true" signature="tearDown()[pri:0, instance:testCases.TC_014_AddCollectionWithSubCollection@5745ca0e]" started-at="2023-08-29T09:40:08 IST" name="tearDown" finished-at="2023-08-29T09:40:09 IST" duration-ms="1157" status="PASS">
          <reporter-output>
          </reporter-output>
        </test-method> <!-- tearDown -->
      </class> <!-- testCases.TC_014_AddCollectionWithSubCollection -->
      <class name="testCases.TC_002_SignIn_page">
        <test-method is-config="true" signature="setup(java.lang.String)[pri:0, instance:testCases.TC_002_SignIn_page@2ab4bc72]" started-at="2023-08-29T09:40:46 IST" name="setup" finished-at="2023-08-29T09:40:50 IST" duration-ms="4471" status="PASS">
          <params>
            <param index="0">
              <value>
                <![CDATA[chrome]]>
              </value>
            </param>
          </params>
          <reporter-output>
          </reporter-output>
        </test-method> <!-- setup -->
        <test-method signature="page_SignIn()[pri:2, instance:testCases.TC_002_SignIn_page@2ab4bc72]" started-at="2023-08-29T09:40:50 IST" name="page_SignIn" finished-at="2023-08-29T09:41:14 IST" duration-ms="23583" status="FAIL">
          <exception class="java.lang.AssertionError">
            <message>
              <![CDATA[null]]>
            </message>
            <full-stacktrace>
              <![CDATA[java.lang.AssertionError: null
at org.testng.Assert.fail(Assert.java:111)
at org.testng.Assert.fail(Assert.java:116)
at testCases.TC_002_SignIn_page.page_SignIn(TC_002_SignIn_page.java:33)
at java.base/jdk.internal.reflect.NativeMethodAccessorImpl.invoke0(Native Method)
at java.base/jdk.internal.reflect.NativeMethodAccessorImpl.invoke(NativeMethodAccessorImpl.java:77)
at java.base/jdk.internal.reflect.DelegatingMethodAccessorImpl.invoke(DelegatingMethodAccessorImpl.java:43)
at java.base/java.lang.reflect.Method.invoke(Method.java:568)
at org.testng.internal.invokers.MethodInvocationHelper.invokeMethod(MethodInvocationHelper.java:139)
at org.testng.internal.invokers.TestInvoker.invokeMethod(TestInvoker.java:664)
at org.testng.internal.invokers.TestInvoker.invokeTestMethod(TestInvoker.java:227)
at org.testng.internal.invokers.MethodRunner.runInSequence(MethodRunner.java:50)
at org.testng.internal.invokers.TestInvoker$MethodInvocationAgent.invoke(TestInvoker.java:957)
at org.testng.internal.invokers.TestInvoker.invokeTestMethods(TestInvoker.java:200)
at org.testng.internal.invokers.TestMethodWorker.invokeTestMethods(TestMethodWorker.java:148)
at org.testng.internal.invokers.TestMethodWorker.run(TestMethodWorker.java:128)
at java.base/java.util.ArrayList.forEach(ArrayList.java:1511)
at org.testng.TestRunner.privateRun(TestRunner.java:848)
at org.testng.TestRunner.run(TestRunner.java:621)
at org.testng.SuiteRunner.runTest(SuiteRunner.java:443)
at org.testng.SuiteRunner$SuiteWorker.run(SuiteRunner.java:481)
at org.testng.internal.thread.ThreadUtil.lambda$execute$0(ThreadUtil.java:58)
at java.base/java.util.concurrent.FutureTask.run(FutureTask.java:264)
at java.base/java.util.concurrent.ThreadPoolExecutor.runWorker(ThreadPoolExecutor.java:1136)
at java.base/java.util.concurrent.ThreadPoolExecutor$Worker.run(ThreadPoolExecutor.java:635)
at java.base/java.lang.Thread.run(Thread.java:833)
]]>
            </full-stacktrace>
          </exception> <!-- java.lang.AssertionError -->
          <reporter-output>
          </reporter-output>
        </test-method> <!-- page_SignIn -->
        <test-method is-config="true" signature="tearDown()[pri:0, instance:testCases.TC_002_SignIn_page@2ab4bc72]" started-at="2023-08-29T09:41:15 IST" name="tearDown" finished-at="2023-08-29T09:41:16 IST" duration-ms="1626" status="PASS">
          <reporter-output>
          </reporter-output>
        </test-method> <!-- tearDown -->
      </class> <!-- testCases.TC_002_SignIn_page -->
    </test> <!-- ChromeTest -->
  </suite> <!-- Suite -->
</testng-results>
